# JRE version: OpenJDK Runtime Environment Microsoft-10800295 (17.0.14+7) (build 17.0.14+7-LTS)
# Java VM: OpenJDK 64-Bit Server VM Microsoft-10800295 (17.0.14+7-LTS, mixed mode, sharing, tiered, compressed oops, compressed class ptrs, g1 gc, windows-amd64)
GC Precious Log:
 CPUs: 4 total, 4 available
 Memory: 8103M
 Large Page Support: Disabled
 NUMA Support: Disabled
 Compressed Oops: Enabled (Zero based)
 Heap Region Size: 2M
 Heap Min Capacity: 8M
 Heap Initial Capacity: 128M
 Heap Max Capacity: 4G
 Pre-touch: Disabled
 Parallel Workers: 4
 Concurrent Workers: 1
 Concurrent Refinement Workers: 4
 Periodic GC: Disabled
Heap:
 garbage-first heap   total 864256K, used 371154K [0x0000000700000000, 0x0000000800000000)
  region size 2048K, 11 young (22528K), 11 survivors (22528K)
 Metaspace       used 140638K, committed 142912K, reserved 1179648K
  class space    used 18749K, committed 19840K, reserved 1048576K
GC Heap History (20 events):
Event: 401.349 GC heap after
{Heap after GC invocations=79 (full 0):
 garbage-first heap   total 864256K, used 424664K [0x0000000700000000, 0x0000000800000000)
  region size 2048K, 2 young (4096K), 2 survivors (4096K)
 Metaspace       used 131960K, committed 133824K, reserved 1179648K
  class space    used 17902K, committed 18752K, reserved 1048576K
}
Event: 988.998 GC heap before
{Heap before GC invocations=80 (full 0):
 garbage-first heap   total 864256K, used 834264K [0x0000000700000000, 0x0000000800000000)
  region size 2048K, 140 young (286720K), 2 survivors (4096K)
 Metaspace       used 138328K, committed 140352K, reserved 1179648K
  class space    used 18520K, committed 19456K, reserved 1048576K
}
Event: 989.306 GC heap after
{Heap after GC invocations=81 (full 0):
 garbage-first heap   total 864256K, used 440152K [0x0000000700000000, 0x0000000800000000)
  region size 2048K, 10 young (20480K), 10 survivors (20480K)
 Metaspace       used 138328K, committed 140352K, reserved 1179648K
  class space    used 18520K, committed 19456K, reserved 1048576K
}
Event: 991.095 GC heap before
{Heap before GC invocations=81 (full 0):
 garbage-first heap   total 864256K, used 462680K [0x0000000700000000, 0x0000000800000000)
  region size 2048K, 21 young (43008K), 10 survivors (20480K)
 Metaspace       used 138391K, committed 140480K, reserved 1179648K
  class space    used 18534K, committed 19520K, reserved 1048576K
}
Event: 991.333 GC heap after
{Heap after GC invocations=82 (full 0):
 garbage-first heap   total 864256K, used 437900K [0x0000000700000000, 0x0000000800000000)
  region size 2048K, 2 young (4096K), 2 survivors (4096K)
 Metaspace       used 138391K, committed 140480K, reserved 1179648K
  class space    used 18534K, committed 19520K, reserved 1048576K
}
Event: 1006.863 GC heap before
{Heap before GC invocations=82 (full 0):
 garbage-first heap   total 864256K, used 673420K [0x0000000700000000, 0x0000000800000000)
  region size 2048K, 117 young (239616K), 2 survivors (4096K)
 Metaspace       used 139332K, committed 141440K, reserved 1179648K
  class space    used 18633K, committed 19648K, reserved 1048576K
}
Event: 1006.949 GC heap after
{Heap after GC invocations=83 (full 0):
 garbage-first heap   total 864256K, used 474647K [0x0000000700000000, 0x0000000800000000)
  region size 2048K, 15 young (30720K), 15 survivors (30720K)
 Metaspace       used 139332K, committed 141440K, reserved 1179648K
  class space    used 18633K, committed 19648K, reserved 1048576K
}
Event: 1009.181 GC heap before
{Heap before GC invocations=83 (full 0):
 garbage-first heap   total 864256K, used 568855K [0x0000000700000000, 0x0000000800000000)
  region size 2048K, 61 young (124928K), 15 survivors (30720K)
 Metaspace       used 139514K, committed 141760K, reserved 1179648K
  class space    used 18652K, committed 19712K, reserved 1048576K
}
Event: 1009.291 GC heap after
{Heap after GC invocations=84 (full 0):
 garbage-first heap   total 864256K, used 485256K [0x0000000700000000, 0x0000000800000000)
  region size 2048K, 5 young (10240K), 5 survivors (10240K)
 Metaspace       used 139514K, committed 141760K, reserved 1179648K
  class space    used 18652K, committed 19712K, reserved 1048576K
}
Event: 1263.364 GC heap before
{Heap before GC invocations=85 (full 0):
 garbage-first heap   total 864256K, used 544648K [0x0000000700000000, 0x0000000800000000)
  region size 2048K, 82 young (167936K), 5 survivors (10240K)
 Metaspace       used 140044K, committed 142272K, reserved 1179648K
  class space    used 18719K, committed 19776K, reserved 1048576K
}
Event: 1263.724 GC heap after
{Heap after GC invocations=86 (full 0):
 garbage-first heap   total 864256K, used 396463K [0x0000000700000000, 0x0000000800000000)
  region size 2048K, 10 young (20480K), 10 survivors (20480K)
 Metaspace       used 140044K, committed 142272K, reserved 1179648K
  class space    used 18719K, committed 19776K, reserved 1048576K
}
Event: 1265.426 GC heap before
{Heap before GC invocations=86 (full 0):
 garbage-first heap   total 864256K, used 418991K [0x0000000700000000, 0x0000000800000000)
  region size 2048K, 21 young (43008K), 10 survivors (20480K)
 Metaspace       used 140094K, committed 142400K, reserved 1179648K
  class space    used 18721K, committed 19840K, reserved 1048576K
}
Event: 1265.652 GC heap after
{Heap after GC invocations=87 (full 0):
 garbage-first heap   total 864256K, used 360733K [0x0000000700000000, 0x0000000800000000)
  region size 2048K, 2 young (4096K), 2 survivors (4096K)
 Metaspace       used 140094K, committed 142400K, reserved 1179648K
  class space    used 18721K, committed 19840K, reserved 1048576K
}
Event: 1268.308 GC heap before
{Heap before GC invocations=87 (full 0):
 garbage-first heap   total 864256K, used 397597K [0x0000000700000000, 0x0000000800000000)
  region size 2048K, 21 young (43008K), 2 survivors (4096K)
 Metaspace       used 140245K, committed 142528K, reserved 1179648K
  class space    used 18740K, committed 19840K, reserved 1048576K
}
Event: 1268.440 GC heap after
{Heap after GC invocations=88 (full 0):
 garbage-first heap   total 864256K, used 347136K [0x0000000700000000, 0x0000000800000000)
  region size 2048K, 3 young (6144K), 3 survivors (6144K)
 Metaspace       used 140245K, committed 142528K, reserved 1179648K
  class space    used 18740K, committed 19840K, reserved 1048576K
}
Event: 1273.122 GC heap before
{Heap before GC invocations=88 (full 0):
 garbage-first heap   total 864256K, used 384000K [0x0000000700000000, 0x0000000800000000)
  region size 2048K, 21 young (43008K), 3 survivors (6144K)
 Metaspace       used 140357K, committed 142656K, reserved 1179648K
  class space    used 18742K, committed 19840K, reserved 1048576K
}
Event: 1273.219 GC heap after
{Heap after GC invocations=89 (full 0):
 garbage-first heap   total 864256K, used 341447K [0x0000000700000000, 0x0000000800000000)
  region size 2048K, 3 young (6144K), 3 survivors (6144K)
 Metaspace       used 140357K, committed 142656K, reserved 1179648K
  class space    used 18742K, committed 19840K, reserved 1048576K
}
Event: 1274.576 GC heap before
{Heap before GC invocations=89 (full 0):
 garbage-first heap   total 864256K, used 378311K [0x0000000700000000, 0x0000000800000000)
  region size 2048K, 21 young (43008K), 3 survivors (6144K)
 Metaspace       used 140423K, committed 142720K, reserved 1179648K
  class space    used 18744K, committed 19840K, reserved 1048576K
}
Event: 1274.638 GC heap after
{Heap after GC invocations=90 (full 0):
 garbage-first heap   total 864256K, used 344064K [0x0000000700000000, 0x0000000800000000)
  region size 2048K, 3 young (6144K), 3 survivors (6144K)
 Metaspace       used 140423K, committed 142720K, reserved 1179648K
  class space    used 18744K, committed 19840K, reserved 1048576K
}
Event: 1280.435 GC heap before
{Heap before GC invocations=90 (full 0):
 garbage-first heap   total 864256K, used 509952K [0x0000000700000000, 0x0000000800000000)
  region size 2048K, 84 young (172032K), 3 survivors (6144K)
 Metaspace       used 140638K, committed 142912K, reserved 1179648K
  class space    used 18749K, committed 19840K, reserved 1048576K
}

