# JRE version: OpenJDK Runtime Environment Microsoft-10800295 (17.0.14+7) (build 17.0.14+7-LTS)
# Java VM: OpenJDK 64-Bit Server VM Microsoft-10800295 (17.0.14+7-LTS, mixed mode, sharing, tiered, compressed oops, compressed class ptrs, g1 gc, windows-amd64)
GC Precious Log:
 CPUs: 4 total, 4 available
 Memory: 8103M
 Large Page Support: Disabled
 NUMA Support: Disabled
 Compressed Oops: Enabled (32-bit)
 Heap Region Size: 1M
 Heap Min Capacity: 8M
 Heap Initial Capacity: 128M
 Heap Max Capacity: 2G
 Pre-touch: Disabled
 Parallel Workers: 4
 Concurrent Workers: 1
 Concurrent Refinement Workers: 4
 Periodic GC: Disabled
Heap:
 garbage-first heap   total 86016K, used 31390K [0x0000000080000000, 0x0000000100000000)
  region size 1024K, 3 young (3072K), 2 survivors (2048K)
 Metaspace       used 35637K, committed 36096K, reserved 491520K
  class space    used 4947K, committed 5184K, reserved 425984K
GC Heap History (18 events):
Event: 1.401 GC heap before
{Heap before GC invocations=0 (full 0):
 garbage-first heap   total 131072K, used 12288K [0x0000000080000000, 0x0000000100000000)
  region size 1024K, 13 young (13312K), 0 survivors (0K)
 Metaspace       used 766K, committed 896K, reserved 491520K
  class space    used 61K, committed 128K, reserved 425984K
}
Event: 1.427 GC heap after
{Heap after GC invocations=1 (full 0):
 garbage-first heap   total 131072K, used 1202K [0x0000000080000000, 0x0000000100000000)
  region size 1024K, 2 young (2048K), 2 survivors (2048K)
 Metaspace       used 766K, committed 896K, reserved 491520K
  class space    used 61K, committed 128K, reserved 425984K
}
Event: 2.789 GC heap before
{Heap before GC invocations=1 (full 0):
 garbage-first heap   total 131072K, used 22706K [0x0000000080000000, 0x0000000100000000)
  region size 1024K, 21 young (21504K), 2 survivors (2048K)
 Metaspace       used 2251K, committed 2368K, reserved 491520K
  class space    used 245K, committed 320K, reserved 425984K
}
Event: 2.797 GC heap after
{Heap after GC invocations=2 (full 0):
 garbage-first heap   total 131072K, used 9714K [0x0000000080000000, 0x0000000100000000)
  region size 1024K, 3 young (3072K), 3 survivors (3072K)
 Metaspace       used 2251K, committed 2368K, reserved 491520K
  class space    used 245K, committed 320K, reserved 425984K
}
Event: 6.857 GC heap before
{Heap before GC invocations=2 (full 0):
 garbage-first heap   total 131072K, used 86514K [0x0000000080000000, 0x0000000100000000)
  region size 1024K, 76 young (77824K), 3 survivors (3072K)
 Metaspace       used 5208K, committed 5376K, reserved 491520K
  class space    used 692K, committed 768K, reserved 425984K
}
Event: 6.871 GC heap after
{Heap after GC invocations=3 (full 0):
 garbage-first heap   total 131072K, used 16290K [0x0000000080000000, 0x0000000100000000)
  region size 1024K, 9 young (9216K), 9 survivors (9216K)
 Metaspace       used 5208K, committed 5376K, reserved 491520K
  class space    used 692K, committed 768K, reserved 425984K
}
Event: 13.801 GC heap before
{Heap before GC invocations=3 (full 0):
 garbage-first heap   total 131072K, used 84898K [0x0000000080000000, 0x0000000100000000)
  region size 1024K, 76 young (77824K), 9 survivors (9216K)
 Metaspace       used 16971K, committed 17280K, reserved 491520K
  class space    used 2404K, committed 2560K, reserved 425984K
}
Event: 13.816 GC heap after
{Heap after GC invocations=4 (full 0):
 garbage-first heap   total 131072K, used 21598K [0x0000000080000000, 0x0000000100000000)
  region size 1024K, 6 young (6144K), 6 survivors (6144K)
 Metaspace       used 16971K, committed 17280K, reserved 491520K
  class space    used 2404K, committed 2560K, reserved 425984K
}
Event: 15.806 GC heap before
{Heap before GC invocations=4 (full 0):
 garbage-first heap   total 131072K, used 57438K [0x0000000080000000, 0x0000000100000000)
  region size 1024K, 42 young (43008K), 6 survivors (6144K)
 Metaspace       used 21168K, committed 21504K, reserved 491520K
  class space    used 3077K, committed 3264K, reserved 425984K
}
Event: 15.819 GC heap after
{Heap after GC invocations=5 (full 0):
 garbage-first heap   total 131072K, used 23478K [0x0000000080000000, 0x0000000100000000)
  region size 1024K, 8 young (8192K), 8 survivors (8192K)
 Metaspace       used 21168K, committed 21504K, reserved 491520K
  class space    used 3077K, committed 3264K, reserved 425984K
}
Event: 18.598 GC heap before
{Heap before GC invocations=6 (full 0):
 garbage-first heap   total 86016K, used 66486K [0x0000000080000000, 0x0000000100000000)
  region size 1024K, 50 young (51200K), 8 survivors (8192K)
 Metaspace       used 28306K, committed 28736K, reserved 491520K
  class space    used 3993K, committed 4224K, reserved 425984K
}
Event: 18.614 GC heap after
{Heap after GC invocations=7 (full 0):
 garbage-first heap   total 86016K, used 27181K [0x0000000080000000, 0x0000000100000000)
  region size 1024K, 6 young (6144K), 6 survivors (6144K)
 Metaspace       used 28306K, committed 28736K, reserved 491520K
  class space    used 3993K, committed 4224K, reserved 425984K
}
Event: 18.662 GC heap before
{Heap before GC invocations=7 (full 0):
 garbage-first heap   total 86016K, used 28205K [0x0000000080000000, 0x0000000100000000)
  region size 1024K, 7 young (7168K), 6 survivors (6144K)
 Metaspace       used 28524K, committed 28928K, reserved 491520K
  class space    used 4028K, committed 4224K, reserved 425984K
}
Event: 18.676 GC heap after
{Heap after GC invocations=8 (full 0):
 garbage-first heap   total 86016K, used 27648K [0x0000000080000000, 0x0000000100000000)
  region size 1024K, 1 young (1024K), 1 survivors (1024K)
 Metaspace       used 28524K, committed 28928K, reserved 491520K
  class space    used 4028K, committed 4224K, reserved 425984K
}
Event: 20.405 GC heap before
{Heap before GC invocations=8 (full 0):
 garbage-first heap   total 86016K, used 65536K [0x0000000080000000, 0x0000000100000000)
  region size 1024K, 39 young (39936K), 1 survivors (1024K)
 Metaspace       used 31704K, committed 32064K, reserved 491520K
  class space    used 4460K, committed 4608K, reserved 425984K
}
Event: 20.413 GC heap after
{Heap after GC invocations=9 (full 0):
 garbage-first heap   total 86016K, used 30168K [0x0000000080000000, 0x0000000100000000)
  region size 1024K, 4 young (4096K), 4 survivors (4096K)
 Metaspace       used 31704K, committed 32064K, reserved 491520K
  class space    used 4460K, committed 4608K, reserved 425984K
}
Event: 23.404 GC heap before
{Heap before GC invocations=9 (full 0):
 garbage-first heap   total 86016K, used 67032K [0x0000000080000000, 0x0000000100000000)
  region size 1024K, 36 young (36864K), 4 survivors (4096K)
 Metaspace       used 35509K, committed 35968K, reserved 491520K
  class space    used 4929K, committed 5184K, reserved 425984K
}
Event: 23.415 GC heap after
{Heap after GC invocations=10 (full 0):
 garbage-first heap   total 86016K, used 31390K [0x0000000080000000, 0x0000000100000000)
  region size 1024K, 2 young (2048K), 2 survivors (2048K)
 Metaspace       used 35509K, committed 35968K, reserved 491520K
  class space    used 4929K, committed 5184K, reserved 425984K
}

